/sw/apps/bioinfo/quast/4.5.4/rackham/bin/quast.py /home/sativus/Genome_Analysis_husw7546/genome_analysis_18/SOAPDENOVO2/SOAPdenovo_2_results.contig -R /proj/g2018003/nobackup/private/eckalbar_2016/additional_data/sel4_NW_015503979.fna.gz -o /home/sativus/Genome_Analysis_husw7546/genome_analysis_18/QUAST/ -t 4 --min-contig 100 --eukaryote

Version: 4.5.4

System information:
  OS: Linux-3.10.0-693.21.1.el7.x86_64-x86_64-with-centos-7.4.1708-Core (linux_64)
  Python version: 2.7.6
  CPUs number: 20

Started: 2018-05-04 15:06:33

Logging to /home/sativus/Genome_Analysis_husw7546/genome_analysis_18/QUAST/quast.log
NOTICE: Output directory already exists. Existing Nucmer alignments can be used

CWD: /pica/h1/sativus/Genome_Analysis_husw7546/genome_analysis_18/SCRIPTS
Main parameters: 
  Threads: 4, eukaryotic: true, minimum contig length: 100, ambiguity: one, threshold for extensive misassembly size: 1000

Reference:
  /proj/g2018003/nobackup/private/eckalbar_2016/additional_data/sel4_NW_015503979.fna.gz ==> sel4_NW_015503979

Contigs:
  Pre-processing...
  /home/sativus/Genome_Analysis_husw7546/genome_analysis_18/SOAPDENOVO2/SOAPdenovo_2_results.contig ==> SOAPdenovo_2_results

2018-05-04 15:06:56
Running Basic statistics processor...
  Reference genome:
    sel4_NW_015503979.fna, length = 4678760, num fragments = 1, GC % = 43.26
  Contig files: 
    SOAPdenovo_2_results
  Calculating N50 and L50...
    SOAPdenovo_2_results, N50 = 194, L50 = 55061, Total length = 34265641, GC % = 43.84, # N's per 100 kbp =  0.00
  Drawing Nx plot...
    saved to /home/sativus/Genome_Analysis_husw7546/genome_analysis_18/QUAST/basic_stats/Nx_plot.pdf
  Drawing NGx plot...
    saved to /home/sativus/Genome_Analysis_husw7546/genome_analysis_18/QUAST/basic_stats/NGx_plot.pdf
  Drawing cumulative plot...
    saved to /home/sativus/Genome_Analysis_husw7546/genome_analysis_18/QUAST/basic_stats/cumulative_plot.pdf
  Drawing GC content plot...
    saved to /home/sativus/Genome_Analysis_husw7546/genome_analysis_18/QUAST/basic_stats/GC_content_plot.pdf
  Drawing SOAPdenovo_2_results GC content plot...
    saved to /home/sativus/Genome_Analysis_husw7546/genome_analysis_18/QUAST/basic_stats/SOAPdenovo_2_results_GC_content_plot.pdf
Done.

2018-05-04 15:07:03
Running Contig analyzer...
  SOAPdenovo_2_results
  Logging to files /home/sativus/Genome_Analysis_husw7546/genome_analysis_18/QUAST/contigs_reports/contigs_report_SOAPdenovo_2_results.stdout and contigs_report_SOAPdenovo_2_results.stderr...
  Aligning contigs to the reference
  /sw/apps/bioinfo/quast/4.5.4/rackham/lib/python2.7/site-packages/quast_libs/MUMmer/nucmer \
  -c 65 -l 65 --maxmatch -p /home/sativus/Genome_Analysis_husw7546/genome_analysis_18/QUAST/contigs_reports/nucmer_output/SOAPdenovo_2_results \
  --emem -t 4 /home/sativus/Genome_Analysis_husw7546/genome_analysis_18/QUAST/quast_corrected_input/sel4_NW_015503979.fna \
  /home/sativus/Genome_Analysis_husw7546/genome_analysis_18/QUAST/quast_corrected_input/SOAPdenovo_2_results.contig \
  >> /home/sativus/Genome_Analysis_husw7546/genome_analysis_18/QUAST/contigs_reports/contigs_report_SOAPdenovo_2_results.stdout \
  2>> /home/sativus/Genome_Analysis_husw7546/genome_analysis_18/QUAST/contigs_reports/contigs_report_SOAPdenovo_2_results.stderr
  /sw/apps/bioinfo/quast/4.5.4/rackham/lib/python2.7/site-packages/quast_libs/MUMmer/delta-filter \
  -i 95.0 -l 0 /home/sativus/Genome_Analysis_husw7546/genome_analysis_18/QUAST/contigs_reports/nucmer_output/SOAPdenovo_2_results.delta \
  > /home/sativus/Genome_Analysis_husw7546/genome_analysis_18/QUAST/contigs_reports/nucmer_output/SOAPdenovo_2_results.fdelta \
  2> /home/sativus/Genome_Analysis_husw7546/genome_analysis_18/QUAST/contigs_reports/contigs_report_SOAPdenovo_2_results.stderr
  /sw/apps/bioinfo/quast/4.5.4/rackham/lib/python2.7/site-packages/quast_libs/MUMmer/mummerplot \
  --html --layout -p /home/sativus/Genome_Analysis_husw7546/genome_analysis_18/QUAST/contigs_reports/nucmer_output/SOAPdenovo_2_results \
  /home/sativus/Genome_Analysis_husw7546/genome_analysis_18/QUAST/contigs_reports/nucmer_output/SOAPdenovo_2_results.delta \
  > /home/sativus/Genome_Analysis_husw7546/genome_analysis_18/QUAST/contigs_reports/contigs_report_SOAPdenovo_2_results.stdout \
  2> /home/sativus/Genome_Analysis_husw7546/genome_analysis_18/QUAST/contigs_reports/contigs_report_SOAPdenovo_2_results.stderr
  /sw/apps/bioinfo/quast/4.5.4/rackham/lib/python2.7/site-packages/quast_libs/gnuplot/src/gnuplot \
  /home/sativus/Genome_Analysis_husw7546/genome_analysis_18/QUAST/contigs_reports/nucmer_output/SOAPdenovo_2_results.gp \
  > /dev/null 2> /home/sativus/Genome_Analysis_husw7546/genome_analysis_18/QUAST/contigs_reports/contigs_report_SOAPdenovo_2_results.stderr
  MUMmer plot saved to /home/sativus/Genome_Analysis_husw7546/genome_analysis_18/QUAST/contigs_reports/SOAPdenovo_2_results_mummerplot.html
  /sw/apps/bioinfo/quast/4.5.4/rackham/lib/python2.7/site-packages/quast_libs/MUMmer/show-coords \
  /home/sativus/Genome_Analysis_husw7546/genome_analysis_18/QUAST/contigs_reports/nucmer_output/SOAPdenovo_2_results.delta \
  > /home/sativus/Genome_Analysis_husw7546/genome_analysis_18/QUAST/contigs_reports/nucmer_output/SOAPdenovo_2_results.coords_tmp \
  2> /home/sativus/Genome_Analysis_husw7546/genome_analysis_18/QUAST/contigs_reports/contigs_report_SOAPdenovo_2_results.stderr
  /sw/apps/bioinfo/quast/4.5.4/rackham/lib/python2.7/site-packages/quast_libs/MUMmer/show-snps \
  -S -T -H /home/sativus/Genome_Analysis_husw7546/genome_analysis_18/QUAST/contigs_reports/nucmer_output/SOAPdenovo_2_results.delta \
  < /home/sativus/Genome_Analysis_husw7546/genome_analysis_18/QUAST/contigs_reports/nucmer_output/SOAPdenovo_2_results.coords.headless \
  > /home/sativus/Genome_Analysis_husw7546/genome_analysis_18/QUAST/contigs_reports/nucmer_output/SOAPdenovo_2_results.all_snps \
  2> /home/sativus/Genome_Analysis_husw7546/genome_analysis_18/QUAST/contigs_reports/contigs_report_SOAPdenovo_2_results.stderr
  Analysis is finished.

  Gzipping /home/sativus/Genome_Analysis_husw7546/genome_analysis_18/QUAST/contigs_reports/nucmer_output/SOAPdenovo_2_results.all_snps to reduce disk space usage...
    saved to /home/sativus/Genome_Analysis_husw7546/genome_analysis_18/QUAST/contigs_reports/nucmer_output/SOAPdenovo_2_results.all_snps.gz
  Creating total report...
    saved to /home/sativus/Genome_Analysis_husw7546/genome_analysis_18/QUAST/contigs_reports/misassemblies_report.txt, misassemblies_report.tsv, and misassemblies_report.tex
  Transposed version of total report...
    saved to /home/sativus/Genome_Analysis_husw7546/genome_analysis_18/QUAST/contigs_reports/transposed_report_misassemblies.txt, transposed_report_misassemblies.tsv, and transposed_report_misassemblies.tex
  Creating total report...
    saved to /home/sativus/Genome_Analysis_husw7546/genome_analysis_18/QUAST/contigs_reports/unaligned_report.txt, unaligned_report.tsv, and unaligned_report.tex
  Drawing misassemblies by types plot...
    saved to /home/sativus/Genome_Analysis_husw7546/genome_analysis_18/QUAST/contigs_reports/misassemblies_plot.pdf
  Drawing misassemblies FRCurve plot...
    saved to /home/sativus/Genome_Analysis_husw7546/genome_analysis_18/QUAST/contigs_reports/misassemblies_frcurve_plot.pdf
Done.

2018-05-04 15:07:24
Running NA-NGA calculation...
  SOAPdenovo_2_results, Largest alignment = 16770, NA50 = None, NGA50 = 2642, LA50 = None, LGA50 = 521
  Drawing cumulative plot...
    saved to /home/sativus/Genome_Analysis_husw7546/genome_analysis_18/QUAST/aligned_stats/cumulative_plot.pdf
  Drawing NAx plot...
    saved to /home/sativus/Genome_Analysis_husw7546/genome_analysis_18/QUAST/aligned_stats/NAx_plot.pdf
  Drawing NGAx plot...
    saved to /home/sativus/Genome_Analysis_husw7546/genome_analysis_18/QUAST/aligned_stats/NGAx_plot.pdf
Done.

2018-05-04 15:07:25
Running Genome analyzer...
  NOTICE: No file with genes provided. Use the -G option if you want to specify it.
  NOTICE: No file with operons provided. Use the -O option if you want to specify it.
  SOAPdenovo_2_results
  Analysis is finished.
  Skipping drawing Genome fraction, % histogram... (less than 2 columns histogram makes no sense)
Done.

NOTICE: Genes are not predicted by default. Use --gene-finding option to enable it.

2018-05-04 15:07:28
Creating large visual summaries...
This may take a while: press Ctrl-C to skip this step..
  1 of 2: Creating Icarus viewers...
  2 of 2: Creating PDF with all tables and plots...
Done

2018-05-04 15:07:32
RESULTS:
  Text versions of total report are saved to /home/sativus/Genome_Analysis_husw7546/genome_analysis_18/QUAST/report.txt, report.tsv, and report.tex
  Text versions of transposed total report are saved to /home/sativus/Genome_Analysis_husw7546/genome_analysis_18/QUAST/transposed_report.txt, transposed_report.tsv, and transposed_report.tex
  HTML version (interactive tables and plots) saved to /home/sativus/Genome_Analysis_husw7546/genome_analysis_18/QUAST/report.html
  PDF version (tables and plots) is saved to /home/sativus/Genome_Analysis_husw7546/genome_analysis_18/QUAST/report.pdf
  Icarus (contig browser) is saved to /home/sativus/Genome_Analysis_husw7546/genome_analysis_18/QUAST/icarus.html
  Log saved to /home/sativus/Genome_Analysis_husw7546/genome_analysis_18/QUAST/quast.log

Finished: 2018-05-04 15:07:32
Elapsed time: 0:00:58.885129
NOTICEs: 4; WARNINGs: 0; non-fatal ERRORs: 0

Thank you for using QUAST!
